# JRE version: OpenJDK Runtime Environment (8.0_76-b03) (build 1.8.0_76-release-b03)
# Java VM: OpenJDK 64-Bit Server VM (25.76-b03 mixed mode windows-amd64 compressed oops)
Heap:
 PSYoungGen      total 311296K, used 35000K [0x00000000e0000000, 0x00000000f8e80000, 0x0000000100000000)
  eden space 229888K, 5% used [0x00000000e0000000,0x00000000e0d65290,0x00000000ee080000)
  from space 81408K, 26% used [0x00000000f3f00000,0x00000000f53c8e20,0x00000000f8e80000)
  to   space 89088K, 0% used [0x00000000ee080000,0x00000000ee080000,0x00000000f3780000)
 ParOldGen       total 288256K, used 61719K [0x00000000a0000000, 0x00000000b1980000, 0x00000000e0000000)
  object space 288256K, 21% used [0x00000000a0000000,0x00000000a3c45fc8,0x00000000b1980000)
 Metaspace       used 83741K, capacity 89982K, committed 90800K, reserved 1128448K
  class space    used 10208K, capacity 10958K, committed 11184K, reserved 1048576K
GC Heap History (10 events):
Event: 2973.724 GC heap before
{Heap before GC invocations=98 (full 20):
 PSYoungGen      total 328704K, used 209664K [0x00000000e0000000, 0x00000000fc000000, 0x0000000100000000)
  eden space 199680K, 100% used [0x00000000e0000000,0x00000000ec300000,0x00000000ec300000)
  from space 129024K, 7% used [0x00000000ec300000,0x00000000eccc0000,0x00000000f4100000)
  to   space 122368K, 0% used [0x00000000f4880000,0x00000000f4880000,0x00000000fc000000)
 ParOldGen       total 288256K, used 61711K [0x00000000a0000000, 0x00000000b1980000, 0x00000000e0000000)
  object space 288256K, 21% used [0x00000000a0000000,0x00000000a3c43fc8,0x00000000b1980000)
 Metaspace       used 83510K, capacity 89702K, committed 90544K, reserved 1128448K
  class space    used 10193K, capacity 10940K, committed 11184K, reserved 1048576K
Event: 2973.736 GC heap after
Heap after GC invocations=98 (full 20):
 PSYoungGen      total 316928K, used 15174K [0x00000000e0000000, 0x00000000faf00000, 0x0000000100000000)
  eden space 211968K, 0% used [0x00000000e0000000,0x00000000e0000000,0x00000000ecf00000)
  from space 104960K, 14% used [0x00000000f4880000,0x00000000f5751b48,0x00000000faf00000)
  to   space 114688K, 0% used [0x00000000ecf00000,0x00000000ecf00000,0x00000000f3f00000)
 ParOldGen       total 288256K, used 61719K [0x00000000a0000000, 0x00000000b1980000, 0x00000000e0000000)
  object space 288256K, 21% used [0x00000000a0000000,0x00000000a3c45fc8,0x00000000b1980000)
 Metaspace       used 83510K, capacity 89702K, committed 90544K, reserved 1128448K
  class space    used 10193K, capacity 10940K, committed 11184K, reserved 1048576K
}
Event: 2975.744 GC heap before
{Heap before GC invocations=99 (full 20):
 PSYoungGen      total 316928K, used 227142K [0x00000000e0000000, 0x00000000faf00000, 0x0000000100000000)
  eden space 211968K, 100% used [0x00000000e0000000,0x00000000ecf00000,0x00000000ecf00000)
  from space 104960K, 14% used [0x00000000f4880000,0x00000000f5751b48,0x00000000faf00000)
  to   space 114688K, 0% used [0x00000000ecf00000,0x00000000ecf00000,0x00000000f3f00000)
 ParOldGen       total 288256K, used 61719K [0x00000000a0000000, 0x00000000b1980000, 0x00000000e0000000)
  object space 288256K, 21% used [0x00000000a0000000,0x00000000a3c45fc8,0x00000000b1980000)
 Metaspace       used 83517K, capacity 89702K, committed 90544K, reserved 1128448K
  class space    used 10193K, capacity 10940K, committed 11184K, reserved 1048576K
Event: 2975.762 GC heap after
Heap after GC invocations=99 (full 20):
 PSYoungGen      total 326656K, used 32282K [0x00000000e0000000, 0x00000000fae00000, 0x0000000100000000)
  eden space 211968K, 0% used [0x00000000e0000000,0x00000000e0000000,0x00000000ecf00000)
  from space 114688K, 28% used [0x00000000ecf00000,0x00000000eee86918,0x00000000f3f00000)
  to   space 108032K, 0% used [0x00000000f4480000,0x00000000f4480000,0x00000000fae00000)
 ParOldGen       total 288256K, used 61719K [0x00000000a0000000, 0x00000000b1980000, 0x00000000e0000000)
  object space 288256K, 21% used [0x00000000a0000000,0x00000000a3c45fc8,0x00000000b1980000)
 Metaspace       used 83517K, capacity 89702K, committed 90544K, reserved 1128448K
  class space    used 10193K, capacity 10940K, committed 11184K, reserved 1048576K
}
Event: 2979.752 GC heap before
{Heap before GC invocations=100 (full 20):
 PSYoungGen      total 326656K, used 244250K [0x00000000e0000000, 0x00000000fae00000, 0x0000000100000000)
  eden space 211968K, 100% used [0x00000000e0000000,0x00000000ecf00000,0x00000000ecf00000)
  from space 114688K, 28% used [0x00000000ecf00000,0x00000000eee86918,0x00000000f3f00000)
  to   space 108032K, 0% used [0x00000000f4480000,0x00000000f4480000,0x00000000fae00000)
 ParOldGen       total 288256K, used 61719K [0x00000000a0000000, 0x00000000b1980000, 0x00000000e0000000)
  object space 288256K, 21% used [0x00000000a0000000,0x00000000a3c45fc8,0x00000000b1980000)
 Metaspace       used 83555K, capacity 89762K, committed 90544K, reserved 1128448K
  class space    used 10198K, capacity 10950K, committed 11184K, reserved 1048576K
Event: 2979.764 GC heap after
Heap after GC invocations=100 (full 20):
 PSYoungGen      total 315904K, used 16630K [0x00000000e0000000, 0x00000000fa000000, 0x0000000100000000)
  eden space 222208K, 0% used [0x00000000e0000000,0x00000000e0000000,0x00000000ed900000)
  from space 93696K, 17% used [0x00000000f4480000,0x00000000f54bda38,0x00000000fa000000)
  to   space 101888K, 0% used [0x00000000ed900000,0x00000000ed900000,0x00000000f3c80000)
 ParOldGen       total 288256K, used 61719K [0x00000000a0000000, 0x00000000b1980000, 0x00000000e0000000)
  object space 288256K, 21% used [0x00000000a0000000,0x00000000a3c45fc8,0x00000000b1980000)
 Metaspace       used 83555K, capacity 89762K, committed 90544K, reserved 1128448K
  class space    used 10198K, capacity 10950K, committed 11184K, reserved 1048576K
}
Event: 2989.461 GC heap before
{Heap before GC invocations=101 (full 20):
 PSYoungGen      total 315904K, used 238838K [0x00000000e0000000, 0x00000000fa000000, 0x0000000100000000)
  eden space 222208K, 100% used [0x00000000e0000000,0x00000000ed900000,0x00000000ed900000)
  from space 93696K, 17% used [0x00000000f4480000,0x00000000f54bda38,0x00000000fa000000)
  to   space 101888K, 0% used [0x00000000ed900000,0x00000000ed900000,0x00000000f3c80000)
 ParOldGen       total 288256K, used 61719K [0x00000000a0000000, 0x00000000b1980000, 0x00000000e0000000)
  object space 288256K, 21% used [0x00000000a0000000,0x00000000a3c45fc8,0x00000000b1980000)
 Metaspace       used 83623K, capacity 89854K, committed 90800K, reserved 1128448K
  class space    used 10208K, capacity 10958K, committed 11184K, reserved 1048576K
Event: 2989.474 GC heap after
Heap after GC invocations=101 (full 20):
 PSYoungGen      total 324096K, used 15343K [0x00000000e0000000, 0x00000000f9c80000, 0x0000000100000000)
  eden space 222208K, 0% used [0x00000000e0000000,0x00000000e0000000,0x00000000ed900000)
  from space 101888K, 15% used [0x00000000ed900000,0x00000000ee7fbcf8,0x00000000f3c80000)
  to   space 95744K, 0% used [0x00000000f3f00000,0x00000000f3f00000,0x00000000f9c80000)
 ParOldGen       total 288256K, used 61719K [0x00000000a0000000, 0x00000000b1980000, 0x00000000e0000000)
  object space 288256K, 21% used [0x00000000a0000000,0x00000000a3c45fc8,0x00000000b1980000)
 Metaspace       used 83623K, capacity 89854K, committed 90800K, reserved 1128448K
  class space    used 10208K, capacity 10958K, committed 11184K, reserved 1048576K
}
Event: 2995.284 GC heap before
{Heap before GC invocations=102 (full 20):
 PSYoungGen      total 324096K, used 237551K [0x00000000e0000000, 0x00000000f9c80000, 0x0000000100000000)
  eden space 222208K, 100% used [0x00000000e0000000,0x00000000ed900000,0x00000000ed900000)
  from space 101888K, 15% used [0x00000000ed900000,0x00000000ee7fbcf8,0x00000000f3c80000)
  to   space 95744K, 0% used [0x00000000f3f00000,0x00000000f3f00000,0x00000000f9c80000)
 ParOldGen       total 288256K, used 61719K [0x00000000a0000000, 0x00000000b1980000, 0x00000000e0000000)
  object space 288256K, 21% used [0x00000000a0000000,0x00000000a3c45fc8,0x00000000b1980000)
 Metaspace       used 83740K, capacity 89982K, committed 90800K, reserved 1128448K
  class space    used 10208K, capacity 10958K, committed 11184K, reserved 1048576K
Event: 2995.302 GC heap after
Heap after GC invocations=102 (full 20):
 PSYoungGen      total 311296K, used 21283K [0x00000000e0000000, 0x00000000f8e80000, 0x0000000100000000)
  eden space 229888K, 0% used [0x00000000e0000000,0x00000000e0000000,0x00000000ee080000)
  from space 81408K, 26% used [0x00000000f3f00000,0x00000000f53c8e20,0x00000000f8e80000)
  to   space 89088K, 0% used [0x00000000ee080000,0x00000000ee080000,0x00000000f3780000)
 ParOldGen       total 288256K, used 61719K [0x00000000a0000000, 0x00000000b1980000, 0x00000000e0000000)
  object space 288256K, 21% used [0x00000000a0000000,0x00000000a3c45fc8,0x00000000b1980000)
 Metaspace       used 83740K, capacity 89982K, committed 90800K, reserved 1128448K
  class space    used 10208K, capacity 10958K, committed 11184K, reserved 1048576K
}

